<?xml version="1.0" encoding="UTF-8"?>
<!-- Generated by org.testng.reporters.JUnitReportReporter -->
<testsuite skipped="1" hostname="i7" name="testNGPackage.testclass" tests="1" failures="0" timestamp="03 Sep 2018 18:37:51 GMT" time="0.000" errors="0">
  <testcase name="test" time="0.000" classname="testNGPackage.testclass">
    <skipped/>
  </testcase> <!-- test -->
</testsuite> <!-- testNGPackage.testclass -->
