<?xml version="1.0" encoding="UTF-8"?>
<!-- Generated by org.testng.reporters.JUnitReportReporter -->
<testsuite skipped="4" hostname="i7" name="testNGPackage.TestDatabase" tests="4" failures="0" timestamp="03 Sep 2018 18:37:51 GMT" time="0.000" errors="0">
  <testcase name="testConnectMongoDB" time="0.000" classname="testNGPackage.TestDatabase">
    <skipped/>
  </testcase> <!-- testConnectMongoDB -->
  <testcase name="testConnectMsSQL" time="0.000" classname="testNGPackage.TestDatabase">
    <skipped/>
  </testcase> <!-- testConnectMsSQL -->
  <testcase name="testConnectMySQL" time="0.000" classname="testNGPackage.TestDatabase">
    <skipped/>
  </testcase> <!-- testConnectMySQL -->
  <testcase name="testConnectOracle" time="0.000" classname="testNGPackage.TestDatabase">
    <skipped/>
  </testcase> <!-- testConnectOracle -->
</testsuite> <!-- testNGPackage.TestDatabase -->
