<?xml version="1.0" encoding="UTF-8"?>
<!-- Generated by org.testng.reporters.JUnitReportReporter -->
<testsuite skipped="0" hostname="i7" name="testNGPackage.TestOrder" tests="4" failures="0" timestamp="03 Sep 2018 18:43:13 GMT" time="0.008" errors="0">
  <testcase name="testUpdateOrder" time="0.002" classname="testNGPackage.TestOrder"/>
  <testcase name="testMakeOrder" time="0.001" classname="testNGPackage.TestOrder"/>
  <testcase name="testFindOrder" time="0.004" classname="testNGPackage.TestOrder"/>
  <testcase name="testMakeEmptyOrder" time="0.001" classname="testNGPackage.TestOrder"/>
</testsuite> <!-- testNGPackage.TestOrder -->
